<?xml version="1.0" encoding="UTF-8"?>
<!-- Generated by org.testng.reporters.JUnitReportReporter -->
<testsuite hostname="Satish" failures="0" tests="1" name="hihh.yayay" time="11.399" errors="0" timestamp="2024-03-29T13:16:26 IST" skipped="0">
  <testcase classname="hihh.yayay" name="amma" time="11.399"/>
</testsuite> <!-- hihh.yayay -->
